Mobilize-App/app/build/intermediates/manifest_merge_blame_file/debug/manifest-merger-blame-debug-report.txt
1<?xml version="1.0" encoding="utf-8"?>
2<manifest xmlns:android="http://schemas.android.com/apk/res/android"
3    package="com.app.mobilize"
4    android:versionCode="1"
5    android:versionName="1.0" >
6
7    <uses-sdk
8        android:minSdkVersion="21"
8-->src\main\AndroidManifest.xml
9        android:targetSdkVersion="29" />
9-->src\main\AndroidManifest.xml
10
11    <uses-permission android:name="android.permission.INTERNET" />
11-->src\main\AndroidManifest.xml:28:5-67
11-->src\main\AndroidManifest.xml:28:22-64
12    <uses-permission android:name="android.permission.READ_EXTERNAL_STORAGE" />
12-->src\main\AndroidManifest.xml:29:5-80
12-->src\main\AndroidManifest.xml:29:22-77
13    <uses-permission android:name="android.permission.WRITE_EXTERNAL_STORAGE" />
13-->src\main\AndroidManifest.xml:30:5-81
13-->src\main\AndroidManifest.xml:30:22-78
14
15    <!-- Although the *SdkVersion is captured in gradle build files, this is required for non gradle builds -->
16    <!-- <uses-sdk android:minSdkVersion="14"/> -->
17    <uses-permission android:name="android.permission.ACCESS_NETWORK_STATE" />
17-->[com.google.firebase:firebase-database:18.0.0] AndroidManifest.xml:25:5-79
17-->[com.google.firebase:firebase-database:18.0.0] AndroidManifest.xml:25:22-76
18    <uses-permission android:name="android.permission.WAKE_LOCK" /> <!-- Required by older versions of Google Play services to create IID tokens -->
18-->[com.google.android.gms:play-services-measurement-api:17.0.0] AndroidManifest.xml:24:5-68
18-->[com.google.android.gms:play-services-measurement-api:17.0.0] AndroidManifest.xml:24:22-65
19    <uses-permission android:name="com.google.android.c2dm.permission.RECEIVE" />
19-->[com.google.firebase:firebase-iid:19.0.0] AndroidManifest.xml:26:5-82
19-->[com.google.firebase:firebase-iid:19.0.0] AndroidManifest.xml:26:22-79
20    <uses-permission android:name="com.google.android.finsky.permission.BIND_GET_INSTALL_REFERRER_SERVICE" />
20-->[com.google.android.gms:play-services-measurement:17.0.0] AndroidManifest.xml:26:5-110
20-->[com.google.android.gms:play-services-measurement:17.0.0] AndroidManifest.xml:26:22-107
21
22    <application
22-->src\main\AndroidManifest.xml:5:5-26:19
23        android:allowBackup="true"
23-->src\main\AndroidManifest.xml:6:9-35
24        android:appComponentFactory="androidx.core.app.CoreComponentFactory"
24-->[androidx.core:core:1.1.0] AndroidManifest.xml:24:18-86
25        android:debuggable="true"
26        android:icon="@mipmap/ic_logo2"
26-->src\main\AndroidManifest.xml:7:9-40
27        android:label="@string/app_name"
27-->src\main\AndroidManifest.xml:8:9-41
28        android:roundIcon="@mipmap/ic_launcher_round"
28-->src\main\AndroidManifest.xml:9:9-54
29        android:supportsRtl="true"
29-->src\main\AndroidManifest.xml:10:9-35
30        android:testOnly="true"
31        android:theme="@style/AppTheme" >
31-->src\main\AndroidManifest.xml:11:9-40
32        <activity android:name="com.app.mobilize.Vista.Activities.SplashActivity" >
32-->src\main\AndroidManifest.xml:12:9-18:20
32-->src\main\AndroidManifest.xml:12:19-66
33            <intent-filter>
33-->src\main\AndroidManifest.xml:13:13-17:29
34                <action android:name="android.intent.action.MAIN" />
34-->src\main\AndroidManifest.xml:14:17-69
34-->src\main\AndroidManifest.xml:14:25-66
35
36                <category android:name="android.intent.category.LAUNCHER" />
36-->src\main\AndroidManifest.xml:16:17-77
36-->src\main\AndroidManifest.xml:16:27-74
37            </intent-filter>
38        </activity>
39        <activity android:name="com.app.mobilize.Vista.Activities.LoginActivity" />
39-->src\main\AndroidManifest.xml:19:9-68
39-->src\main\AndroidManifest.xml:19:19-65
40        <activity android:name="com.app.mobilize.Vista.Activities.RegisterActivity" />
40-->src\main\AndroidManifest.xml:20:9-71
40-->src\main\AndroidManifest.xml:20:19-68
41        <activity android:name="com.app.mobilize.Vista.Activities.MainActivity" />
41-->src\main\AndroidManifest.xml:21:9-67
41-->src\main\AndroidManifest.xml:21:19-64
42        <activity android:name="com.app.mobilize.Vista.Activities.ModalitatExercici" />
42-->src\main\AndroidManifest.xml:22:9-72
42-->src\main\AndroidManifest.xml:22:19-69
43        <activity android:name="com.app.mobilize.Vista.Activities.ModalitatEntrenament" />
43-->src\main\AndroidManifest.xml:23:9-75
43-->src\main\AndroidManifest.xml:23:19-72
44        <activity android:name="com.app.mobilize.Vista.Activities.NivellEntrenament" />
44-->src\main\AndroidManifest.xml:24:9-72
44-->src\main\AndroidManifest.xml:24:19-69
45        <activity android:name="com.app.mobilize.Vista.Activities.RegisterMessageActivity" />
45-->src\main\AndroidManifest.xml:25:9-78
45-->src\main\AndroidManifest.xml:25:19-75
46        <activity
46-->[com.google.firebase:firebase-auth:18.0.0] AndroidManifest.xml:24:9-31:50
47            android:name="com.google.firebase.auth.internal.FederatedSignInActivity"
47-->[com.google.firebase:firebase-auth:18.0.0] AndroidManifest.xml:25:13-85
48            android:excludeFromRecents="true"
48-->[com.google.firebase:firebase-auth:18.0.0] AndroidManifest.xml:26:13-46
49            android:exported="true"
49-->[com.google.firebase:firebase-auth:18.0.0] AndroidManifest.xml:27:13-36
50            android:launchMode="singleTask"
50-->[com.google.firebase:firebase-auth:18.0.0] AndroidManifest.xml:28:13-44
51            android:permission="com.google.firebase.auth.api.gms.permission.LAUNCH_FEDERATED_SIGN_IN"
51-->[com.google.firebase:firebase-auth:18.0.0] AndroidManifest.xml:29:13-102
52            android:theme="@android:style/Theme.Translucent.NoTitleBar" />
52-->[com.google.firebase:firebase-auth:18.0.0] AndroidManifest.xml:30:13-72
53
54        <service
54-->[com.google.firebase:firebase-auth:18.0.0] AndroidManifest.xml:33:9-39:19
55            android:name="com.google.firebase.components.ComponentDiscoveryService"
55-->[com.google.firebase:firebase-auth:18.0.0] AndroidManifest.xml:34:13-84
56            android:directBootAware="true"
56-->[com.google.firebase:firebase-common:19.2.0] AndroidManifest.xml:15:13-43
57            android:exported="false" >
57-->[com.google.firebase:firebase-auth:18.0.0] AndroidManifest.xml:35:13-37
58            <meta-data
58-->[com.google.firebase:firebase-auth:18.0.0] AndroidManifest.xml:36:13-38:85
59                android:name="com.google.firebase.components:com.google.firebase.auth.FirebaseAuthRegistrar"
59-->[com.google.firebase:firebase-auth:18.0.0] AndroidManifest.xml:37:17-109
60                android:value="com.google.firebase.components.ComponentRegistrar" />
60-->[com.google.firebase:firebase-auth:18.0.0] AndroidManifest.xml:38:17-82
61            <meta-data
61-->[com.google.firebase:firebase-database:18.0.0] AndroidManifest.xml:30:13-32:85
62                android:name="com.google.firebase.components:com.google.firebase.database.DatabaseRegistrar"
62-->[com.google.firebase:firebase-database:18.0.0] AndroidManifest.xml:31:17-109
63                android:value="com.google.firebase.components.ComponentRegistrar" />
63-->[com.google.firebase:firebase-database:18.0.0] AndroidManifest.xml:32:17-82
64            <meta-data
64-->[com.google.firebase:firebase-firestore:21.2.1] AndroidManifest.xml:20:13-22:85
65                android:name="com.google.firebase.components:com.google.firebase.firestore.FirestoreRegistrar"
65-->[com.google.firebase:firebase-firestore:21.2.1] AndroidManifest.xml:21:17-111
66                android:value="com.google.firebase.components.ComponentRegistrar" />
66-->[com.google.firebase:firebase-firestore:21.2.1] AndroidManifest.xml:22:17-82
67            <meta-data
67-->[com.google.firebase:firebase-storage:19.1.0] AndroidManifest.xml:33:13-35:85
68                android:name="com.google.firebase.components:com.google.firebase.storage.StorageRegistrar"
68-->[com.google.firebase:firebase-storage:19.1.0] AndroidManifest.xml:34:17-107
69                android:value="com.google.firebase.components.ComponentRegistrar" />
69-->[com.google.firebase:firebase-storage:19.1.0] AndroidManifest.xml:35:17-82
70            <meta-data
70-->[com.google.android.gms:play-services-measurement-api:17.0.0] AndroidManifest.xml:30:13-32:85
71                android:name="com.google.firebase.components:com.google.firebase.analytics.connector.internal.AnalyticsConnectorRegistrar"
71-->[com.google.android.gms:play-services-measurement-api:17.0.0] AndroidManifest.xml:31:17-139
72                android:value="com.google.firebase.components.ComponentRegistrar" />
72-->[com.google.android.gms:play-services-measurement-api:17.0.0] AndroidManifest.xml:32:17-82
73            <meta-data
73-->[com.google.firebase:firebase-iid:19.0.0] AndroidManifest.xml:32:13-34:85
74                android:name="com.google.firebase.components:com.google.firebase.iid.Registrar"
74-->[com.google.firebase:firebase-iid:19.0.0] AndroidManifest.xml:33:17-96
75                android:value="com.google.firebase.components.ComponentRegistrar" />
75-->[com.google.firebase:firebase-iid:19.0.0] AndroidManifest.xml:34:17-82
76        </service>
77
78        <receiver
78-->[com.google.firebase:firebase-iid:19.0.0] AndroidManifest.xml:37:9-44:20
79            android:name="com.google.firebase.iid.FirebaseInstanceIdReceiver"
79-->[com.google.firebase:firebase-iid:19.0.0] AndroidManifest.xml:38:13-78
80            android:exported="true"
80-->[com.google.firebase:firebase-iid:19.0.0] AndroidManifest.xml:39:13-36
81            android:permission="com.google.android.c2dm.permission.SEND" >
81-->[com.google.firebase:firebase-iid:19.0.0] AndroidManifest.xml:40:13-73
82            <intent-filter>
82-->[com.google.firebase:firebase-iid:19.0.0] AndroidManifest.xml:41:13-43:29
83                <action android:name="com.google.android.c2dm.intent.RECEIVE" />
83-->[com.google.firebase:firebase-iid:19.0.0] AndroidManifest.xml:42:17-81
83-->[com.google.firebase:firebase-iid:19.0.0] AndroidManifest.xml:42:25-78
84            </intent-filter>
85        </receiver>
86
87        <activity
87-->[com.google.android.gms:play-services-base:17.0.0] AndroidManifest.xml:23:9-26:75
88            android:name="com.google.android.gms.common.api.GoogleApiActivity"
88-->[com.google.android.gms:play-services-base:17.0.0] AndroidManifest.xml:24:13-79
89            android:exported="false"
89-->[com.google.android.gms:play-services-base:17.0.0] AndroidManifest.xml:25:13-37
90            android:theme="@android:style/Theme.Translucent.NoTitleBar" />
90-->[com.google.android.gms:play-services-base:17.0.0] AndroidManifest.xml:26:13-72
91
92        <provider
92-->[com.google.firebase:firebase-common:19.2.0] AndroidManifest.xml:19:9-23:39
93            android:name="com.google.firebase.provider.FirebaseInitProvider"
93-->[com.google.firebase:firebase-common:19.2.0] AndroidManifest.xml:20:13-77
94            android:authorities="com.app.mobilize.firebaseinitprovider"
94-->[com.google.firebase:firebase-common:19.2.0] AndroidManifest.xml:21:13-72
95            android:exported="false"
95-->[com.google.firebase:firebase-common:19.2.0] AndroidManifest.xml:22:13-37
96            android:initOrder="100" />
96-->[com.google.firebase:firebase-common:19.2.0] AndroidManifest.xml:23:13-36
97
98        <receiver
98-->[com.google.android.gms:play-services-measurement:17.0.0] AndroidManifest.xml:29:9-33:20
99            android:name="com.google.android.gms.measurement.AppMeasurementReceiver"
99-->[com.google.android.gms:play-services-measurement:17.0.0] AndroidManifest.xml:30:13-85
100            android:enabled="true"
100-->[com.google.android.gms:play-services-measurement:17.0.0] AndroidManifest.xml:31:13-35
101            android:exported="false" >
101-->[com.google.android.gms:play-services-measurement:17.0.0] AndroidManifest.xml:32:13-37
102        </receiver>
103        <receiver
103-->[com.google.android.gms:play-services-measurement:17.0.0] AndroidManifest.xml:34:9-42:20
104            android:name="com.google.android.gms.measurement.AppMeasurementInstallReferrerReceiver"
104-->[com.google.android.gms:play-services-measurement:17.0.0] AndroidManifest.xml:35:13-100
105            android:enabled="true"
105-->[com.google.android.gms:play-services-measurement:17.0.0] AndroidManifest.xml:36:13-35
106            android:exported="true"
106-->[com.google.android.gms:play-services-measurement:17.0.0] AndroidManifest.xml:37:13-36
107            android:permission="android.permission.INSTALL_PACKAGES" >
107-->[com.google.android.gms:play-services-measurement:17.0.0] AndroidManifest.xml:38:13-69
108            <intent-filter>
108-->[com.google.android.gms:play-services-measurement:17.0.0] AndroidManifest.xml:39:13-41:29
109                <action android:name="com.android.vending.INSTALL_REFERRER" />
109-->[com.google.android.gms:play-services-measurement:17.0.0] AndroidManifest.xml:40:17-79
109-->[com.google.android.gms:play-services-measurement:17.0.0] AndroidManifest.xml:40:25-76
110            </intent-filter>
111        </receiver>
112
113        <service
113-->[com.google.android.gms:play-services-measurement:17.0.0] AndroidManifest.xml:44:9-47:40
114            android:name="com.google.android.gms.measurement.AppMeasurementService"
114-->[com.google.android.gms:play-services-measurement:17.0.0] AndroidManifest.xml:45:13-84
115            android:enabled="true"
115-->[com.google.android.gms:play-services-measurement:17.0.0] AndroidManifest.xml:46:13-35
116            android:exported="false" />
116-->[com.google.android.gms:play-services-measurement:17.0.0] AndroidManifest.xml:47:13-37
117        <service
117-->[com.google.android.gms:play-services-measurement:17.0.0] AndroidManifest.xml:48:9-52:72
118            android:name="com.google.android.gms.measurement.AppMeasurementJobService"
118-->[com.google.android.gms:play-services-measurement:17.0.0] AndroidManifest.xml:49:13-87
119            android:enabled="true"
119-->[com.google.android.gms:play-services-measurement:17.0.0] AndroidManifest.xml:50:13-35
120            android:exported="false"
120-->[com.google.android.gms:play-services-measurement:17.0.0] AndroidManifest.xml:51:13-37
121            android:permission="android.permission.BIND_JOB_SERVICE" />
121-->[com.google.android.gms:play-services-measurement:17.0.0] AndroidManifest.xml:52:13-69
122
123        <meta-data
123-->[com.google.android.gms:play-services-basement:17.0.0] AndroidManifest.xml:23:9-25:69
124            android:name="com.google.android.gms.version"
124-->[com.google.android.gms:play-services-basement:17.0.0] AndroidManifest.xml:24:13-58
125            android:value="@integer/google_play_services_version" />
125-->[com.google.android.gms:play-services-basement:17.0.0] AndroidManifest.xml:25:13-66
126    </application>
127
128</manifest>